[2025-05-07 18:15:10.800789] Boot: 0	Sync: 0
[2025-05-07 18:15:10.863224] [W]       79 routing_table.cpp   :  84 | [RTABLE] Route for 0x02 already exists
[2025-05-07 18:15:14.199434] [3422] Ready to send data: E7 
[2025-05-07 18:15:14.199831] [W]     3422 mac.cpp             : 122 | [MAC] RX address (0x02) cannot be self (0x02)
[2025-05-07 18:15:14.200765] [W]     3423 routing.cpp         : 125 | [ROUTING] Error sending PDU
[2025-05-07 18:15:14.201816] [W]     3424 transport.cpp       : 119 | [TRANSPORT] Error sending segment (state: 1)
[2025-05-07 18:15:14.203712] [W]     3424 sleep.cpp           : 203 | [SLEEP] Error forwarding sync to node 2. Going to sleep.
[2025-05-07 18:15:14.208056] [E]     3427 sleep.cpp           : 265 | [SLEEP-STATS] Sync: 1	Sleep time: 891709 ms	Sync time: 3422 ms	Done time: 3426 ms	Delta Time: 2535 ms	Sync AVG: nan ms	Done AVG: nan ms	Sync count: 0	Boot count: 0	Timeout:  0 ms
[2025-05-07 18:15:14.208166] 
[2025-05-07 18:29:48.627374] Boot: 0	Sync: 1
[2025-05-07 18:29:48.687840] [W]       79 routing_table.cpp   :  84 | [RTABLE] Route for 0x02 already exists
[2025-05-07 18:29:48.688838] [W]       80 sleep.cpp           :  58 | [SLEEP] Init. Already synchronized.
[2025-05-07 18:29:48.690070] [W]       81 sleep.cpp           :  59 |         Clock correction: -4.30 seconds
[2025-05-07 18:29:48.690999] [W]       83 sleep.cpp           :  60 |         Delta time: 2.54 seconds. Nodes before: 1
[2025-05-07 18:29:48.693728] [W]       83 sleep.cpp           :  61 |         Timeout in 25.07 seconds.
[2025-05-07 18:30:10.334293] [W]    21742 loraraw.cpp         :  68 | [LR] Channel busy
[2025-05-07 18:30:10.339221] [21749] Ready to send data: D3 
[2025-05-07 18:30:10.340196] [W]    21749 mac.cpp             : 122 | [MAC] RX address (0x02) cannot be self (0x02)
[2025-05-07 18:30:10.340858] [W]    21749 routing.cpp         : 125 | [ROUTING] Error sending PDU
[2025-05-07 18:30:10.341901] [W]    21751 transport.cpp       : 119 | [TRANSPORT] Error sending segment (state: 1)
[2025-05-07 18:30:10.343820] [W]    21751 sleep.cpp           : 203 | [SLEEP] Error forwarding sync to node 2. Going to sleep.
[2025-05-07 18:30:10.348241] [E]    21753 sleep.cpp           : 265 | [SLEEP-STATS] Sync: 1	Sleep time: 891709 ms	Sync time: 21748 ms	Done time: 21752 ms	Delta Time: 2535 ms	Sync AVG: 21748.00 ms	Done AVG: 21752.00 ms	Sync count: 1	Boot count: 1	Timeout:  25070 ms
[2025-05-07 18:45:06.545672] [E]    20570 sleep.cpp           : 265 | [SLEEP-STATS] Sync: 1	Sleep time: 891709 ms	Sync time: 20565 ms	Done time: 20569 ms	Delta Time: 2535 ms	Sync AVG: 21156.50 ms	Done AVG: 21160.50 ms	Sync count: 2	Boot count: 2	Timeout:  25070 ms