[2025-05-20 13:22:35.875366] [W]       79 routing_table.cpp   :  84 | [RTABLE] Route for 0x09 already exists
[2025-05-20 13:22:36.641349] [W]      848 mac.cpp             : 418 | [MAC] Max retries (3) reached, transmission failed
[2025-05-20 13:22:36.643556] [W]      848 mac.cpp             : 555 | [MAC] TX error (1)
[2025-05-20 13:22:36.650578] [W]      856 transport.cpp       : 274 | [TRANSPORT] TX Error for UDP segment 23068 (frame 64494)
[2025-05-20 13:22:36.665431] Sleeping for 299128 ms
[2025-05-20 13:27:32.917435] [W]       79 routing_table.cpp   :  84 | [RTABLE] Route for 0x09 already exists
[2025-05-20 13:27:33.683835] [W]      848 mac.cpp             : 418 | [MAC] Max retries (3) reached, transmission failed
[2025-05-20 13:27:33.686199] [W]      848 mac.cpp             : 555 | [MAC] TX error (1)
[2025-05-20 13:27:33.693311] [W]      856 transport.cpp       : 274 | [TRANSPORT] TX Error for UDP segment 25739 (frame 57162)
[2025-05-20 13:27:33.708026] Sleeping for 299129 ms
[2025-05-20 13:32:30.066362] [W]       79 routing_table.cpp   :  84 | [RTABLE] Route for 0x09 already exists
[2025-05-20 13:32:30.833859] [W]      849 mac.cpp             : 418 | [MAC] Max retries (3) reached, transmission failed
[2025-05-20 13:32:30.836346] [W]      849 mac.cpp             : 555 | [MAC] TX error (1)
[2025-05-20 13:32:30.843415] [W]      857 transport.cpp       : 274 | [TRANSPORT] TX Error for UDP segment 42462 (frame 15515)
[2025-05-20 13:32:30.858193] Sleeping for 299128 ms
[2025-05-20 13:37:27.315351] [W]       79 routing_table.cpp   :  84 | [RTABLE] Route for 0x09 already exists
[2025-05-20 13:37:28.081688] [W]      848 mac.cpp             : 418 | [MAC] Max retries (3) reached, transmission failed
[2025-05-20 13:37:28.084339] [W]      848 mac.cpp             : 555 | [MAC] TX error (1)
[2025-05-20 13:37:28.091174] [W]      856 transport.cpp       : 274 | [TRANSPORT] TX Error for UDP segment 31350 (frame 55875)
[2025-05-20 13:37:28.106162] Sleeping for 299129 ms
[2025-05-20 13:42:24.494953] [W]       79 routing_table.cpp   :  84 | [RTABLE] Route for 0x09 already exists
[2025-05-20 13:42:25.262381] [W]      849 mac.cpp             : 418 | [MAC] Max retries (3) reached, transmission failed
[2025-05-20 13:42:25.264768] [W]      849 mac.cpp             : 555 | [MAC] TX error (1)
[2025-05-20 13:42:25.271728] [W]      857 transport.cpp       : 274 | [TRANSPORT] TX Error for UDP segment 9982 (frame 39030)
[2025-05-20 13:42:25.286214] Sleeping for 299128 ms




