[2025-05-24 09:00:52.606801] ets Jul 29 2019 12:21:46
[2025-05-24 09:00:52.606957] 
[2025-05-24 09:00:52.611127] rst:0x1 (POWERON_RESET),boot:0x13 (SPI_FAST_FLASH_BOOT)
[2025-05-24 09:00:52.614098] configsip: 0, SPIWP:0xee
[2025-05-24 09:00:52.620020] clk_drv:0x00,q_drv:0x00,d_drv:0x00,cs0_drv:0x00,hd_drv:0x00,wp_drv:0x00
[2025-05-24 09:00:52.622587] mode:DIO, clock div:2
[2025-05-24 09:00:52.624141] load:0x3fff0030,len:1184
[2025-05-24 09:00:52.627114] load:0x40078000,len:13232
[2025-05-24 09:00:52.629207] load:0x40080400,len:3028
[2025-05-24 09:00:52.630150] entry 0x400805e4
[2025-05-24 09:00:52.826436] [    27][D][esp32-hal-cpu.c:244] setCpuFrequencyMhz(): PLL: 480 / 2 = 240 Mhz, APB: 80000000 Hz
[2025-05-24 09:00:52.836276] Delay 75 seconds
[2025-05-24 09:00:52.843447] [I]       39 scheduler.cpp       :  77 | [SCHED] Cleanup started
[2025-05-24 09:01:02.797148] [I]    10039 scheduler.cpp       :  55 | [SCHED] Cleanup started. Tasks: 2, Heap: 331884
[2025-05-24 09:01:12.765568] [I]    20039 scheduler.cpp       :  55 | [SCHED] Cleanup started. Tasks: 2, Heap: 331884
[2025-05-24 09:01:22.736707] [I]    30039 scheduler.cpp       :  55 | [SCHED] Cleanup started. Tasks: 2, Heap: 331884
[2025-05-24 09:01:32.702217] [I]    40039 scheduler.cpp       :  55 | [SCHED] Cleanup started. Tasks: 2, Heap: 331884
[2025-05-24 09:01:42.663251] [I]    50039 scheduler.cpp       :  55 | [SCHED] Cleanup started. Tasks: 2, Heap: 331884
[2025-05-24 09:01:52.623338] [I]    60039 scheduler.cpp       :  55 | [SCHED] Cleanup started. Tasks: 2, Heap: 331884
[2025-05-24 09:02:02.584413] [I]    70039 scheduler.cpp       :  55 | [SCHED] Cleanup started. Tasks: 2, Heap: 331884
[2025-05-24 09:02:07.558610] Sleeping for 74961 ms
[2025-05-24 09:03:21.286298] ets Jul 29 2019 12:21:46
[2025-05-24 09:03:21.286387] 
[2025-05-24 09:03:21.291252] rst:0x5 (DEEPSLEEP_RESET),boot:0x13 (SPI_FAST_FLASH_BOOT)
[2025-05-24 09:03:21.294275] configsip: 0, SPIWP:0xee
[2025-05-24 09:03:21.300246] clk_drv:0x00,q_drv:0x00,d_drv:0x00,cs0_drv:0x00,hd_drv:0x00,wp_drv:0x00
[2025-05-24 09:03:21.302242] mode:DIO, clock div:2
[2025-05-24 09:03:21.304248] load:0x3fff0030,len:1184
[2025-05-24 09:03:21.307241] load:0x40078000,len:13232
[2025-05-24 09:03:21.309563] load:0x40080400,len:3028
[2025-05-24 09:03:21.310297] entry 0x400805e4
[2025-05-24 09:03:21.371276] [    27][D][esp32-hal-cpu.c:244] setCpuFrequencyMhz(): PLL: 480 / 2 = 240 Mhz, APB: 80000000 Hz
[2025-05-24 09:03:21.381359] Delay 50 seconds
[2025-05-24 09:03:21.389227] [I]       39 scheduler.cpp       :  77 | [SCHED] Cleanup started
[2025-05-24 09:03:31.344384] [I]    10039 scheduler.cpp       :  55 | [SCHED] Cleanup started. Tasks: 2, Heap: 331884
[2025-05-24 09:03:41.315276] [I]    20039 scheduler.cpp       :  55 | [SCHED] Cleanup started. Tasks: 2, Heap: 331884
[2025-05-24 09:03:51.280344] [I]    30039 scheduler.cpp       :  55 | [SCHED] Cleanup started. Tasks: 2, Heap: 331884
[2025-05-24 09:04:01.239309] [I]    40039 scheduler.cpp       :  55 | [SCHED] Cleanup started. Tasks: 2, Heap: 331884
[2025-05-24 09:04:11.195516] Sleeping for 99961 ms
[2025-05-24 09:05:49.473441] ets Jul 29 2019 12:21:46
[2025-05-24 09:05:49.480216] 
[2025-05-24 09:05:49.480234] rst:0x5 (DEEPSLEEP_RESET),boot:0x13 (SPI_FAST_FLASH_BOOT)
[2025-05-24 09:05:49.480244] configsip: 0, SPIWP:0xee
[2025-05-24 09:05:49.480522] clk_drv:0x00,q_drv:0x00,d_drv:0x00,cs0_drv:0x00,hd_drv:0x00,wp_drv:0x00
[2025-05-24 09:05:49.482554] mode:DIO, clock div:2
[2025-05-24 09:05:49.484552] load:0x3fff0030,len:1184
[2025-05-24 09:05:49.487577] load:0x40078000,len:13232
[2025-05-24 09:05:49.489569] load:0x40080400,len:3028
[2025-05-24 09:05:49.491568] entry 0x400805e4
[2025-05-24 09:05:49.551756] [    27][D][esp32-hal-cpu.c:244] setCpuFrequencyMhz(): PLL: 480 / 2 = 240 Mhz, APB: 80000000 Hz
[2025-05-24 09:05:49.561548] Delay 25 seconds
[2025-05-24 09:05:49.568597] [I]       39 scheduler.cpp       :  77 | [SCHED] Cleanup started
[2025-05-24 09:05:59.522663] [I]    10039 scheduler.cpp       :  55 | [SCHED] Cleanup started. Tasks: 2, Heap: 331884
[2025-05-24 09:06:09.493609] [I]    20039 scheduler.cpp       :  55 | [SCHED] Cleanup started. Tasks: 2, Heap: 331884
[2025-05-24 09:06:14.468554] Sleeping for 124961 ms
[2025-05-24 09:08:17.396937] ets Jul 29 2019 12:21:46
[2025-05-24 09:08:17.397069] 
[2025-05-24 09:08:17.401850] rst:0x5 (DEEPSLEEP_RESET),boot:0x13 (SPI_FAST_FLASH_BOOT)
[2025-05-24 09:08:17.404003] configsip: 0, SPIWP:0xee
[2025-05-24 09:08:17.411065] clk_drv:0x00,q_drv:0x00,d_drv:0x00,cs0_drv:0x00,hd_drv:0x00,wp_drv:0x00
[2025-05-24 09:08:17.412824] mode:DIO, clock div:2
[2025-05-24 09:08:17.414829] load:0x3fff0030,len:1184
[2025-05-24 09:08:17.416816] load:0x40078000,len:13232
[2025-05-24 09:08:17.419961] load:0x40080400,len:3028
[2025-05-24 09:08:17.421004] entry 0x400805e4
[2025-05-24 09:08:17.481901] [    27][D][esp32-hal-cpu.c:244] setCpuFrequencyMhz(): PLL: 480 / 2 = 240 Mhz, APB: 80000000 Hz
[2025-05-24 09:08:17.491923] Delay 10 seconds
[2025-05-24 09:08:17.497865] [I]       39 scheduler.cpp       :  77 | [SCHED] Cleanup started
[2025-05-24 09:08:27.444918] Sleeping for 139961 ms
[2025-05-24 09:10:45.354076] ets Jul 29 2019 12:21:46
[2025-05-24 09:10:45.354153] 
[2025-05-24 09:10:45.359076] rst:0x5 (DEEPSLEEP_RESET),boot:0x13 (SPI_FAST_FLASH_BOOT)
[2025-05-24 09:10:45.361083] configsip: 0, SPIWP:0xee
[2025-05-24 09:10:45.368069] clk_drv:0x00,q_drv:0x00,d_drv:0x00,cs0_drv:0x00,hd_drv:0x00,wp_drv:0x00
[2025-05-24 09:10:45.370046] mode:DIO, clock div:2
[2025-05-24 09:10:45.372049] load:0x3fff0030,len:1184
[2025-05-24 09:10:45.374041] load:0x40078000,len:13232
[2025-05-24 09:10:45.377073] load:0x40080400,len:3028
[2025-05-24 09:10:45.378127] entry 0x400805e4
[2025-05-24 09:10:45.439050] [    27][D][esp32-hal-cpu.c:244] setCpuFrequencyMhz(): PLL: 480 / 2 = 240 Mhz, APB: 80000000 Hz
[2025-05-24 09:10:45.449381] Delay 2 seconds
[2025-05-24 09:10:45.455083] [I]       39 scheduler.cpp       :  77 | [SCHED] Cleanup started
[2025-05-24 09:10:47.431112] Sleeping for 147962 ms
[2025-05-24 09:13:13.541435] ets Jul 29 2019 12:21:46
[2025-05-24 09:13:13.541702] 
[2025-05-24 09:13:13.547461] rst:0x5 (DEEPSLEEP_RESET),boot:0x13 (SPI_FAST_FLASH_BOOT)
[2025-05-24 09:13:13.549362] configsip: 0, SPIWP:0xee
[2025-05-24 09:13:13.555401] clk_drv:0x00,q_drv:0x00,d_drv:0x00,cs0_drv:0x00,hd_drv:0x00,wp_drv:0x00
[2025-05-24 09:13:13.557397] mode:DIO, clock div:2
[2025-05-24 09:13:13.559405] load:0x3fff0030,len:1184
[2025-05-24 09:13:13.562364] load:0x40078000,len:13232
[2025-05-24 09:13:13.564403] load:0x40080400,len:3028
[2025-05-24 09:13:13.566440] entry 0x400805e4
[2025-05-24 09:13:13.626538] [    27][D][esp32-hal-cpu.c:244] setCpuFrequencyMhz(): PLL: 480 / 2 = 240 Mhz, APB: 80000000 Hz
[2025-05-24 09:13:13.636401] Delay 1 seconds
[2025-05-24 09:13:13.643390] [I]       39 scheduler.cpp       :  77 | [SCHED] Cleanup started
[2025-05-24 09:13:14.625479] Sleeping for 148962 ms
[2025-05-24 09:15:41.969146] ets Jul 29 2019 12:21:46
[2025-05-24 09:15:41.969302] 
[2025-05-24 09:15:41.973693] rst:0x5 (DEEPSLEEP_RESET),boot:0x13 (SPI_FAST_FLASH_BOOT)
[2025-05-24 09:15:41.975817] configsip: 0, SPIWP:0xee
[2025-05-24 09:15:41.982829] clk_drv:0x00,q_drv:0x00,d_drv:0x00,cs0_drv:0x00,hd_drv:0x00,wp_drv:0x00
[2025-05-24 09:15:41.984704] mode:DIO, clock div:2
[2025-05-24 09:15:41.986700] load:0x3fff0030,len:1184
[2025-05-24 09:15:41.988655] load:0x40078000,len:13232
[2025-05-24 09:15:41.991637] load:0x40080400,len:3028
[2025-05-24 09:15:41.992702] entry 0x400805e4
[2025-05-24 09:15:42.053796] [    27][D][esp32-hal-cpu.c:244] setCpuFrequencyMhz(): PLL: 480 / 2 = 240 Mhz, APB: 80000000 Hz
[2025-05-24 09:15:42.062720] Done
